-------------------------------------------------------------------------------
Test set: hu.elte.ik.labyrinth.ApplicationTest
-------------------------------------------------------------------------------
Tests run: 2, Failures: 1, Errors: 0, Skipped: 0, Time elapsed: 1.919 sec <<< FAILURE!
testApplication(hu.elte.ik.labyrinth.ApplicationTest)  Time elapsed: 0.01 sec  <<< FAILURE!
junit.framework.AssertionFailedError: NbModuleSuite has been started with failOnMessage(WARNING) and failOnException(INFO). The following failures have been captured:
[java.util.prefs] THREAD: main MSG: Could not open/create prefs root node Software\JavaSoft\Prefs at root 0x80000002. Windows RegCreateKeyEx(...) returned error code 5.

	at org.netbeans.junit.internal.NbModuleLogHandler.checkFailures(NbModuleLogHandler.java:218)
	at org.netbeans.junit.NbModuleSuite$NbTestSuiteLogCheck.runTest(NbModuleSuite.java:1621)
	at junit.framework.TestSuite.run(TestSuite.java:247)
	at junit.framework.TestSuite.runTest(TestSuite.java:252)
	at junit.framework.TestSuite.run(TestSuite.java:247)
	at org.netbeans.junit.NbModuleSuite$S.runInRuntimeContainer(NbModuleSuite.java:949)
	at org.netbeans.junit.NbModuleSuite$S.access$100(NbModuleSuite.java:670)
	at org.netbeans.junit.NbModuleSuite$S$1.protect(NbModuleSuite.java:691)
	at junit.framework.TestResult.runProtected(TestResult.java:142)
	at org.netbeans.junit.NbModuleSuite$S.run(NbModuleSuite.java:687)
	at org.junit.internal.runners.JUnit38ClassRunner.run(JUnit38ClassRunner.java:86)
	at org.apache.maven.surefire.junit4.JUnit4Provider.execute(JUnit4Provider.java:252)
	at org.apache.maven.surefire.junit4.JUnit4Provider.executeTestSet(JUnit4Provider.java:141)
	at org.apache.maven.surefire.junit4.JUnit4Provider.invoke(JUnit4Provider.java:112)
	at sun.reflect.NativeMethodAccessorImpl.invoke0(Native Method)
	at sun.reflect.NativeMethodAccessorImpl.invoke(NativeMethodAccessorImpl.java:62)
	at sun.reflect.DelegatingMethodAccessorImpl.invoke(DelegatingMethodAccessorImpl.java:43)
	at java.lang.reflect.Method.invoke(Method.java:498)
	at org.apache.maven.surefire.util.ReflectionUtils.invokeMethodWithArray(ReflectionUtils.java:189)
	at org.apache.maven.surefire.booter.ProviderFactory$ProviderProxy.invoke(ProviderFactory.java:165)
	at org.apache.maven.surefire.booter.ProviderFactory.invokeProvider(ProviderFactory.java:85)
	at org.apache.maven.surefire.booter.ForkedBooter.runSuitesInProcess(ForkedBooter.java:113)
	at org.apache.maven.surefire.booter.ForkedBooter.main(ForkedBooter.java:75)
